<?xml version="1.0" encoding="UTF-8"?>
<!-- Generated by org.testng.reporters.JUnitXMLReporter -->
<testsuite ignored="0" hostname="Muthukumar" failures="0" tests="2" name="Test" time="12.374" errors="0" timestamp="24 Apr 2023 07:24:20 GMT">
  <testcase classname="com.loginTestOne.MakeMyTrip.TestRunner" name="@BeforeMethod validation" time="0.135">
    <failure type="java.lang.AssertionError" message="The following asserts failed:
	expected [MakemyTrip] but found [MakeMyTrip - #1 Travel Website 50% OFF on Hotels, Flights &amp;amp; Holiday]">
      <![CDATA[java.lang.AssertionError: The following asserts failed:
expected [MakemyTrip] but found [MakeMyTrip - #1 Travel Website 50% OFF on Hotels, Flights & Holiday]
at com.loginTestOne.MakeMyTrip.TestRunner.validation(TestRunner.java:48)
... Removed 29 stack frames]]>
    </failure>
  </testcase> <!-- @BeforeMethod validation -->
  <testcase classname="com.loginTestOne.MakeMyTrip.TestRunner" name="@BeforeMethod validation" time="0.0">
    <skipped/>
  </testcase> <!-- @BeforeMethod validation -->
  <testcase classname="com.loginTestOne.MakeMyTrip.TestRunner" name="@AfterClass screenshot" time="0.0">
    <skipped/>
  </testcase> <!-- @AfterClass screenshot -->
  <testcase classname="com.loginTestOne.MakeMyTrip.TestRunner" name="chrome" time="0.0">
    <skipped/>
  </testcase> <!-- chrome -->
  <testcase classname="com.loginTestOne.MakeMyTrip.TestRunner" name="firefox" time="0.0">
    <skipped/>
  </testcase> <!-- firefox -->
</testsuite> <!-- Test -->
